<?xml version="1.0" encoding="UTF-8"?>

<beans xmlns="http://www.springframework.org/schema/beans"
    xmlns:xsi="http://www.w3.org/2001/XMLSchema-instance"
    xmlns:util="http://www.springframework.org/schema/util"
    xmlns:p="http://www.springframework.org/schema/p"
    xsi:schemaLocation="
        http://www.springframework.org/schema/beans
        http://www.springframework.org/schema/beans/spring-beans.xsd
        http://www.springframework.org/schema/util
        http://www.springframework.org/schema/util/spring-util.xsd">

    <import resource="application-context.xml" />
    
    <util:list id="discountStrategies">
        <bean class="ua.epam.spring.hometask.service.strategy.impl.BirthdayDiscountStrategy" 
                        p:withinDays="5" 
                        p:discountValue="5" />
    </util:list>
    
    <util:list id="auditoriumList">
        <bean class="ua.epam.spring.hometask.domain.Auditorium" 
            p:code="test-auditorium-1"
            p:name="Test Auditorium" 
            p:numberOfSeats="30" 
            p:vipSeats="1,2,3" />
            
    </util:list>
    
    <alias name="defaultBookingService" alias="bookingService" />
    <bean id="overrideStrategiesBookingService" parent="defaultBookingService" >
        <property name="additionalPriceStrategy">
            <bean class="ua.epam.spring.hometask.service.strategy.impl.HighRatingEventPriceStrategy">
                <property name="highRatingMultiplier" >
                    <value>1.2D</value>
                </property>
            </bean>
        </property>
    </bean>
        
</beans>